2022-06-30 01:44:15,211 DEBUG    root            Loaded Command Group: ['gcloud', 'config']
2022-06-30 01:44:15,219 DEBUG    root            Loaded Command Group: ['gcloud', 'config', 'config_helper']
2022-06-30 01:44:15,221 DEBUG    root            Running [gcloud.config.config-helper] with arguments: [--format: "json"]
2022-06-30 01:44:15,248 DEBUG    google.auth.transport.requests Making request: GET http://metadata.google.internal/computeMetadata/v1/instance/service-accounts/julio31529@gmail.com/?recursive=true
2022-06-30 01:44:15,252 DEBUG    urllib3.connectionpool Starting new HTTP connection (1): metadata.google.internal:80
2022-06-30 01:44:15,254 DEBUG    urllib3.connectionpool http://metadata.google.internal:80 "GET /computeMetadata/v1/instance/service-accounts/julio31529@gmail.com/?recursive=true HTTP/1.1" 200 None
2022-06-30 01:44:15,255 DEBUG    google.auth.transport.requests Making request: GET http://metadata.google.internal/computeMetadata/v1/instance/service-accounts/julio31529@gmail.com/token
2022-06-30 01:44:15,256 DEBUG    urllib3.connectionpool Resetting dropped connection: metadata.google.internal
2022-06-30 01:44:15,259 DEBUG    urllib3.connectionpool http://metadata.google.internal:80 "GET /computeMetadata/v1/instance/service-accounts/julio31529@gmail.com/token HTTP/1.1" 200 None
2022-06-30 01:44:15,273 INFO     root            Display format: "default json"
2022-06-30 01:44:15,274 INFO     ___FILE_ONLY___ {
  "configuration": {
    "active_configuration": "default",
    "properties": {
      "accessibility": {
        "screen_reader": "True"
      },
      "component_manager": {
        "disable_update_check": "True"
      },
      "compute": {
        "gce_metadata_read_timeout_sec": "30"
      },
      "core": {
        "account": "julio31529@gmail.com",
        "disable_usage_reporting": "True"
      },
      "metrics": {
        "environment": "cloudcode.vscode",
        "environment_version": "1.18.3"
      }
    }
  },
  "credential": {
    "access_token": "ya29.a0ARrdaM-eH9i163KFpyvf8A7YpzJHl2zaI07ajnOtsHC5G6LxdBJqttGbafLzFZulAIfukG3thJTTo9776K3MNvSSzMBQv7fRvRi6ZsCLhsz2n9a5On86VSf3ACYOkfFjtYD6FUFRhrpqkg7cdnssyWk6ztDQF0ahdnuJTHj296bkHKACxf7lwbABVwlXfwrVREya4yQN8x6oHoxkNDbXouSzqcsjYoeOe2FdPXxE0pGlUUjxABVnwrQsW07DTScwqtGBL_Q",
    "id_token": "eyJhbGciOiJSUzI1NiIsImtpZCI6IjI2NTBhMmNlNDdiMWFiM2JhNDA5OTc5N2Y4YzA2ZWJjM2RlOTI4YWMiLCJ0eXAiOiJKV1QifQ.eyJpc3MiOiJhY2NvdW50cy5nb29nbGUuY29tIiwiYXpwIjoiNjE4MTA0NzA4MDU0LTlyOXMxYzRhbGczNmVybGl1Y2hvOXQ1Mm4zMm42ZGdxLmFwcHMuZ29vZ2xldXNlcmNvbnRlbnQuY29tIiwiYXVkIjoiNjE4MTA0NzA4MDU0LTlyOXMxYzRhbGczNmVybGl1Y2hvOXQ1Mm4zMm42ZGdxLmFwcHMuZ29vZ2xldXNlcmNvbnRlbnQuY29tIiwic3ViIjoiMTAwMjMxNjkyOTA0MDk4MDE4NzEwIiwiZW1haWwiOiJqdWxpbzMxNTI5QGdtYWlsLmNvbSIsImVtYWlsX3ZlcmlmaWVkIjp0cnVlLCJhdF9oYXNoIjoibm15UFpnVEgxdmVlSktZQnl3TGVaZyIsImlhdCI6MTY1NjU1Mjg5NCwiZXhwIjoxNjU2NTU2NDk0LCJqdGkiOiJlZTc2MTY1NzIyNTdmMjEzYzU0MTQyZWQzN2M0Y2NmNjA1NjYzYjAyIn0.kKvep9mYb0xRaaZP6AZhChMqBsQkWn-8Pkclk75TBp6eVdqrl_fzXKV49fCXAfAZaKMzO2NjwNwM2gjIM-Q5mkit2oa80VUuUT-6HLpPDDO2SmRf_-Tb2icXUd2UQwHyHrFb93hLP36kaK6KUbqWlMdB5fdxRFKoaAS64rjsOKX2ZZEVNOl3QCOPEh21se8Mr6IZO7yZZYYhco6DMVD_q-EcSE4qd9aDvhb_bcb-tsbFWe4r9O2ft9r4HUVLYSMFPqdMbEujRy-XNR_8-EcUjOUcge0egPbf3aA7hQBw4iuJj-A-qlbn6TdI30RIR7BSyX6ArO2TZlBGeeLitdC4NA",
    "token_expiry": "2022-06-30T02:34:51Z"
  },
  "sentinels": {
    "config_sentinel": "/home/julio31529/.config/gcloud/config_sentinel"
  }
}
2022-06-30 01:44:15,274 INFO     ___FILE_ONLY___ 

2022-06-30 01:44:15,275 DEBUG    root            SDK update checks are disabled.
