2022-06-30 01:48:12,539 DEBUG    root            Loaded Command Group: ['gcloud', 'config']
2022-06-30 01:48:12,542 DEBUG    root            Loaded Command Group: ['gcloud', 'config', 'config_helper']
2022-06-30 01:48:12,545 DEBUG    root            Running [gcloud.config.config-helper] with arguments: [--format: "json"]
2022-06-30 01:48:12,557 DEBUG    google.auth.transport.requests Making request: GET http://metadata.google.internal/computeMetadata/v1/instance/service-accounts/julio31529@gmail.com/?recursive=true
2022-06-30 01:48:12,560 DEBUG    urllib3.connectionpool Starting new HTTP connection (1): metadata.google.internal:80
2022-06-30 01:48:12,563 DEBUG    urllib3.connectionpool http://metadata.google.internal:80 "GET /computeMetadata/v1/instance/service-accounts/julio31529@gmail.com/?recursive=true HTTP/1.1" 200 None
2022-06-30 01:48:12,564 DEBUG    google.auth.transport.requests Making request: GET http://metadata.google.internal/computeMetadata/v1/instance/service-accounts/julio31529@gmail.com/token
2022-06-30 01:48:12,565 DEBUG    urllib3.connectionpool Resetting dropped connection: metadata.google.internal
2022-06-30 01:48:12,568 DEBUG    urllib3.connectionpool http://metadata.google.internal:80 "GET /computeMetadata/v1/instance/service-accounts/julio31529@gmail.com/token HTTP/1.1" 200 None
2022-06-30 01:48:12,583 INFO     root            Display format: "default json"
2022-06-30 01:48:12,583 INFO     ___FILE_ONLY___ {
  "configuration": {
    "active_configuration": "default",
    "properties": {
      "accessibility": {
        "screen_reader": "True"
      },
      "component_manager": {
        "disable_update_check": "True"
      },
      "compute": {
        "gce_metadata_read_timeout_sec": "30"
      },
      "core": {
        "account": "julio31529@gmail.com",
        "disable_usage_reporting": "True"
      },
      "metrics": {
        "environment": "cloudcode.vscode",
        "environment_version": "1.18.3"
      }
    }
  },
  "credential": {
    "access_token": "ya29.A0ARrdaM9XKJvVP5Yfv-iK56drPwFlvDgvXkXN6gSuO9xQe8rpzxlOWkLDfWgdp8d3a0NlalyrJ1APUw5nP_2fQvOPJ6FS-ESjA7ia9S1297syCwwSQgWjn7nJG4c6Zo38bdRSpaKHTSfUYpbRxne2iJlmFxXwuKMJ_XFyIGYC1sR70NCxobAGh5fKJcdHw8wsqGADju4WFtJNhdbYVh8Wqb7_jW1Ias-xQyiRhu_nvi5VYSJlv4gAd-e9TfJD1OqkxjKxoYgYUNnWUtBVEFTQVRBU0ZRRl91NjFWOUdDWmZIUDB6N0xOZGJERUxRLUlxQQ0270",
    "id_token": "eyJhbGciOiJSUzI1NiIsImtpZCI6IjI2NTBhMmNlNDdiMWFiM2JhNDA5OTc5N2Y4YzA2ZWJjM2RlOTI4YWMiLCJ0eXAiOiJKV1QifQ.eyJpc3MiOiJhY2NvdW50cy5nb29nbGUuY29tIiwiYXpwIjoiNjE4MTA0NzA4MDU0LTlyOXMxYzRhbGczNmVybGl1Y2hvOXQ1Mm4zMm42ZGdxLmFwcHMuZ29vZ2xldXNlcmNvbnRlbnQuY29tIiwiYXVkIjoiNjE4MTA0NzA4MDU0LTlyOXMxYzRhbGczNmVybGl1Y2hvOXQ1Mm4zMm42ZGdxLmFwcHMuZ29vZ2xldXNlcmNvbnRlbnQuY29tIiwic3ViIjoiMTAwMjMxNjkyOTA0MDk4MDE4NzEwIiwiZW1haWwiOiJqdWxpbzMxNTI5QGdtYWlsLmNvbSIsImVtYWlsX3ZlcmlmaWVkIjp0cnVlLCJhdF9oYXNoIjoiWU9uMElkSkRickREbks5M1FvNGJfUSIsImlhdCI6MTY1NjU1MzY1MywiZXhwIjoxNjU2NTU3MjUzLCJqdGkiOiJlMmViZTdkYzFhMjVjNGU5YjU0ZDFmNDc4OWVjNTY4MmVmOWJkZmYyIn0.d8C1-JvjjSezUQEAaj-oDn6bOfTwvFPFRSDJUXhFm2ALoAcEvzgbL0_3oifWHgiGKL4QlSguisLuGCudEtvIxqbkjyaLo1b9jvEgeQCbSJSqDPi2H0mP702r-N45n3_ygWPXSYlwH1OLYNIqH-9ndn_JFD8pntCuNk7GV_KY8lGh6TjlG8hzxChNYeTp4PXhJvcj5l4DUVqWeLhx0YxWJeyrL4R1jja-o3MQUXc_QNmjJLFgx3HpPi8l8vlNbYdEop5V6vAvahFgIWgoK5OM9WXw-kC1QAy57dEIVonxzcxA-oIhMGEsE9v4NARm7prDptlFIiFyld8_1Dy5Vn9Bmw",
    "token_expiry": "2022-06-30T02:47:30Z"
  },
  "sentinels": {
    "config_sentinel": "/home/julio31529/.config/gcloud/config_sentinel"
  }
}
2022-06-30 01:48:12,584 INFO     ___FILE_ONLY___ 

2022-06-30 01:48:12,584 DEBUG    root            SDK update checks are disabled.
