2022-06-27 02:38:09,559 DEBUG    root            Loaded Command Group: ['gcloud', 'config']
2022-06-27 02:38:09,561 DEBUG    root            Loaded Command Group: ['gcloud', 'config', 'config_helper']
2022-06-27 02:38:09,564 DEBUG    root            Running [gcloud.config.config-helper] with arguments: [--format: "json"]
2022-06-27 02:38:09,583 DEBUG    google.auth.transport.requests Making request: GET http://metadata.google.internal/computeMetadata/v1/instance/service-accounts/julio31529@gmail.com/?recursive=true
2022-06-27 02:38:09,587 DEBUG    urllib3.connectionpool Starting new HTTP connection (1): metadata.google.internal:80
2022-06-27 02:38:09,590 DEBUG    urllib3.connectionpool http://metadata.google.internal:80 "GET /computeMetadata/v1/instance/service-accounts/julio31529@gmail.com/?recursive=true HTTP/1.1" 200 None
2022-06-27 02:38:09,591 DEBUG    google.auth.transport.requests Making request: GET http://metadata.google.internal/computeMetadata/v1/instance/service-accounts/julio31529@gmail.com/token
2022-06-27 02:38:09,592 DEBUG    urllib3.connectionpool Resetting dropped connection: metadata.google.internal
2022-06-27 02:38:09,595 DEBUG    urllib3.connectionpool http://metadata.google.internal:80 "GET /computeMetadata/v1/instance/service-accounts/julio31529@gmail.com/token HTTP/1.1" 200 None
2022-06-27 02:38:09,609 INFO     root            Display format: "default json"
2022-06-27 02:38:09,610 INFO     ___FILE_ONLY___ {
  "configuration": {
    "active_configuration": "default",
    "properties": {
      "accessibility": {
        "screen_reader": "True"
      },
      "component_manager": {
        "disable_update_check": "True"
      },
      "compute": {
        "gce_metadata_read_timeout_sec": "30"
      },
      "core": {
        "account": "julio31529@gmail.com",
        "disable_usage_reporting": "True"
      },
      "metrics": {
        "environment": "cloudcode.vscode",
        "environment_version": "1.18.3"
      }
    }
  },
  "credential": {
    "access_token": "ya29.a0ARrdaM_NTOep2n6humEdp69clSxOnJWQp2wp-iALqiG1QirHoYNNlR5dAWecTqBygG20T9eBQR1RmY4ZQcqQFULFBLuokqSje9N5esD-g2sAvcY-U-93CwyiOVSQaNt5gmMkKB6BatQkqcIjUCjesmNWTDy6dizLhXoDtYJPgqTGa_gfL8r65TfIscKpk3sIk-ECqrBXDT2F440nkMLeoAuoDJvEFmRrFeI-PcQow_cVs-5HSS--BKa8E7dTuudL6vlHVa8",
    "id_token": "eyJhbGciOiJSUzI1NiIsImtpZCI6IjJiMDllNzQ0ZDU4Yzk5NTVkNGYyNDBiNmE5MmY3YjM3ZmVhZDJmZjgiLCJ0eXAiOiJKV1QifQ.eyJpc3MiOiJhY2NvdW50cy5nb29nbGUuY29tIiwiYXpwIjoiNjE4MTA0NzA4MDU0LTlyOXMxYzRhbGczNmVybGl1Y2hvOXQ1Mm4zMm42ZGdxLmFwcHMuZ29vZ2xldXNlcmNvbnRlbnQuY29tIiwiYXVkIjoiNjE4MTA0NzA4MDU0LTlyOXMxYzRhbGczNmVybGl1Y2hvOXQ1Mm4zMm42ZGdxLmFwcHMuZ29vZ2xldXNlcmNvbnRlbnQuY29tIiwic3ViIjoiMTAwMjMxNjkyOTA0MDk4MDE4NzEwIiwiZW1haWwiOiJqdWxpbzMxNTI5QGdtYWlsLmNvbSIsImVtYWlsX3ZlcmlmaWVkIjp0cnVlLCJhdF9oYXNoIjoiTVdqU3FqR2JhNnhzbDZlQm53LWdfQSIsImlhdCI6MTY1NjI5NDgzOSwiZXhwIjoxNjU2Mjk4NDM5LCJqdGkiOiJhOTMxODkyMGEzMzg3ZTVkY2M0OWIzMTZiMDU4YzFlODkzZDEyZWJkIn0.JK3G0-TULiAWSDKOopfP6jeaAQKxAhnWmzY3yKqrYXbL9DWiwgLzE5_TUVwrIQyuaha70iVPpV5EaDZqqf5SxOf31-KNehiJ5mUex7WBtcxzXX6g7hF17-c5rCtE7XFxMdJ_EVBPm0uXyETdxDOcN4ZDrQGPLz9r_pX9WdwgT3YHdodmFu746YK-3RB6i7iPmzlKdw0c-ynI-3Yk8CwHDQvG6ctZucQ8XZ-2UjlNHbeG9RgaRARcIPcH6pu2UsA-F68lmD8nXQq51yls0A2bbWH5S5C3cwwP4WKYJC5ycLN96ACA71AWNvBdOW1ItXJ4aPv92YH0IRnR9MRpbrQIBQ",
    "token_expiry": "2022-06-27T02:53:56Z"
  },
  "sentinels": {
    "config_sentinel": "/home/julio31529/.config/gcloud/config_sentinel"
  }
}
2022-06-27 02:38:09,610 INFO     ___FILE_ONLY___ 

2022-06-27 02:38:09,611 DEBUG    root            SDK update checks are disabled.
