2022-06-27 03:51:32,025 DEBUG    root            Loaded Command Group: ['gcloud', 'config']
2022-06-27 03:51:32,028 DEBUG    root            Loaded Command Group: ['gcloud', 'config', 'config_helper']
2022-06-27 03:51:32,030 DEBUG    root            Running [gcloud.config.config-helper] with arguments: [--format: "json"]
2022-06-27 03:51:32,042 DEBUG    google.auth.transport.requests Making request: GET http://metadata.google.internal/computeMetadata/v1/instance/service-accounts/julio31529@gmail.com/?recursive=true
2022-06-27 03:51:32,045 DEBUG    urllib3.connectionpool Starting new HTTP connection (1): metadata.google.internal:80
2022-06-27 03:51:32,048 DEBUG    urllib3.connectionpool http://metadata.google.internal:80 "GET /computeMetadata/v1/instance/service-accounts/julio31529@gmail.com/?recursive=true HTTP/1.1" 200 None
2022-06-27 03:51:32,049 DEBUG    google.auth.transport.requests Making request: GET http://metadata.google.internal/computeMetadata/v1/instance/service-accounts/julio31529@gmail.com/token
2022-06-27 03:51:32,051 DEBUG    urllib3.connectionpool Resetting dropped connection: metadata.google.internal
2022-06-27 03:51:32,053 DEBUG    urllib3.connectionpool http://metadata.google.internal:80 "GET /computeMetadata/v1/instance/service-accounts/julio31529@gmail.com/token HTTP/1.1" 200 None
2022-06-27 03:51:32,068 INFO     root            Display format: "default json"
2022-06-27 03:51:32,069 INFO     ___FILE_ONLY___ {
  "configuration": {
    "active_configuration": "default",
    "properties": {
      "accessibility": {
        "screen_reader": "True"
      },
      "component_manager": {
        "disable_update_check": "True"
      },
      "compute": {
        "gce_metadata_read_timeout_sec": "30"
      },
      "core": {
        "account": "julio31529@gmail.com",
        "disable_usage_reporting": "True"
      },
      "metrics": {
        "environment": "cloudcode.vscode",
        "environment_version": "1.18.3"
      }
    }
  },
  "credential": {
    "access_token": "ya29.A0ARrdaM_q8jwGauYlxQ2TD6nLjrgny-ePAJBiXAV87R-AXl7Q0sn_q6IWBB-OvG60j99fuxGdVUmKflDavc6ifrHILs_jENybncZjblJ_3LeLrg4kGrWRnFPpjypFts28SzmNZRYpUfQXSQ_4kqgneJDQeOaIlsqK1OY2au_tMIp3cE5Qh00nXb6yG7SfHDNkXrtointOHmWO1N7Wc7xKxpwewHDiPhVLtNRi4kRu5fl30cjIcrmcKqkosVmd55KXu4Pcv0MYUNnWUtBVEFTQVRBU0ZRRl91NjFWalVqOXdZQjF4aEkybXo1cEVVc0NyUQ0270",
    "id_token": "eyJhbGciOiJSUzI1NiIsImtpZCI6IjJiMDllNzQ0ZDU4Yzk5NTVkNGYyNDBiNmE5MmY3YjM3ZmVhZDJmZjgiLCJ0eXAiOiJKV1QifQ.eyJpc3MiOiJhY2NvdW50cy5nb29nbGUuY29tIiwiYXpwIjoiNjE4MTA0NzA4MDU0LTlyOXMxYzRhbGczNmVybGl1Y2hvOXQ1Mm4zMm42ZGdxLmFwcHMuZ29vZ2xldXNlcmNvbnRlbnQuY29tIiwiYXVkIjoiNjE4MTA0NzA4MDU0LTlyOXMxYzRhbGczNmVybGl1Y2hvOXQ1Mm4zMm42ZGdxLmFwcHMuZ29vZ2xldXNlcmNvbnRlbnQuY29tIiwic3ViIjoiMTAwMjMxNjkyOTA0MDk4MDE4NzEwIiwiZW1haWwiOiJqdWxpbzMxNTI5QGdtYWlsLmNvbSIsImVtYWlsX3ZlcmlmaWVkIjp0cnVlLCJhdF9oYXNoIjoibzZBRVQ0M1JwWHdCTVNGUGUwWEpLZyIsImlhdCI6MTY1NjMwMTgyNSwiZXhwIjoxNjU2MzA1NDI1LCJqdGkiOiI5MzA2NWIyNzM1NzQwZTliN2YxMTRhMTZjYzgxYzBjZGNhMmNkZWNkIn0.T9BbfyT2hTxLwua9wqHAEOeEPJtqMkrHMnqjelA8SH_Uhr7PtZiWsODwDYBKHMitJ7nU0Hkcm9kD-HGkUFcbHmEyAT57MCILewI6IhovgBWFRHFSLg0_FACpvYVk7ImnWW93LTvRP22GopfXAxKgGgZ9S1Ky2iv0_6y0vfLWba0OtkJ9tXzOnlGfmUv4SVwN4GOaeWBTYufgCaW4EmwmY4UanQVrARhnQQMg315k7I5Fpr2EFDfnL5Sm8NXWO3B4C7U1ZtXioBSpQJ4YAuLnR5NATDN84jTRqhrk1Mjh6O3L9X2uVCnhvbMRnszRdZLCZkZ815fcNLdL3BqLRWZJAQ",
    "token_expiry": "2022-06-27T04:50:23Z"
  },
  "sentinels": {
    "config_sentinel": "/home/julio31529/.config/gcloud/config_sentinel"
  }
}
2022-06-27 03:51:32,069 INFO     ___FILE_ONLY___ 

2022-06-27 03:51:32,070 DEBUG    root            SDK update checks are disabled.
