2022-06-27 22:42:50,002 DEBUG    root            Loaded Command Group: ['gcloud', 'config']
2022-06-27 22:42:50,005 DEBUG    root            Loaded Command Group: ['gcloud', 'config', 'config_helper']
2022-06-27 22:42:50,007 DEBUG    root            Running [gcloud.config.config-helper] with arguments: [--format: "json"]
2022-06-27 22:42:50,020 DEBUG    google.auth.transport.requests Making request: GET http://metadata.google.internal/computeMetadata/v1/instance/service-accounts/julio31529@gmail.com/?recursive=true
2022-06-27 22:42:50,023 DEBUG    urllib3.connectionpool Starting new HTTP connection (1): metadata.google.internal:80
2022-06-27 22:42:50,026 DEBUG    urllib3.connectionpool http://metadata.google.internal:80 "GET /computeMetadata/v1/instance/service-accounts/julio31529@gmail.com/?recursive=true HTTP/1.1" 200 None
2022-06-27 22:42:50,027 DEBUG    google.auth.transport.requests Making request: GET http://metadata.google.internal/computeMetadata/v1/instance/service-accounts/julio31529@gmail.com/token
2022-06-27 22:42:50,028 DEBUG    urllib3.connectionpool Resetting dropped connection: metadata.google.internal
2022-06-27 22:42:50,031 DEBUG    urllib3.connectionpool http://metadata.google.internal:80 "GET /computeMetadata/v1/instance/service-accounts/julio31529@gmail.com/token HTTP/1.1" 200 None
2022-06-27 22:42:50,049 INFO     root            Display format: "default json"
2022-06-27 22:42:50,050 INFO     ___FILE_ONLY___ {
  "configuration": {
    "active_configuration": "default",
    "properties": {
      "accessibility": {
        "screen_reader": "True"
      },
      "component_manager": {
        "disable_update_check": "True"
      },
      "compute": {
        "gce_metadata_read_timeout_sec": "30"
      },
      "core": {
        "account": "julio31529@gmail.com",
        "disable_usage_reporting": "True"
      },
      "metrics": {
        "environment": "cloudcode.vscode",
        "environment_version": "1.18.3"
      }
    }
  },
  "credential": {
    "access_token": "ya29.A0ARrdaM-x0EF5BmcCB3F21QnrF3ndaSmQBNl9nA7hCIxFlWGK43spPT52oVvhpuI7lX-QkkjQ-9MnHt51T9d9Y87OHF5MwNn0atQeHq_1aX-cg61RN8etmr2VW0NvohsaHFWEDRm5vMLKG34PQdpztHzhvaPmwRT6WEYS-di0_0X2fJO4qMqXJLdqJzRvKm8-kgWkGRZIwn6MEZW_bwj6RrEFfaDqkh543oytsNq8JzPRSGtO4sTJG3d_m_-moSwAr8VCe7sYUNnWUtBVEFTQVRBU0ZRRl91NjFWNlZoNlRHUjFVV1VfTGRKMmZ6YklOUQ0270",
    "id_token": "eyJhbGciOiJSUzI1NiIsImtpZCI6IjJiMDllNzQ0ZDU4Yzk5NTVkNGYyNDBiNmE5MmY3YjM3ZmVhZDJmZjgiLCJ0eXAiOiJKV1QifQ.eyJpc3MiOiJhY2NvdW50cy5nb29nbGUuY29tIiwiYXpwIjoiNjE4MTA0NzA4MDU0LTlyOXMxYzRhbGczNmVybGl1Y2hvOXQ1Mm4zMm42ZGdxLmFwcHMuZ29vZ2xldXNlcmNvbnRlbnQuY29tIiwiYXVkIjoiNjE4MTA0NzA4MDU0LTlyOXMxYzRhbGczNmVybGl1Y2hvOXQ1Mm4zMm42ZGdxLmFwcHMuZ29vZ2xldXNlcmNvbnRlbnQuY29tIiwic3ViIjoiMTAwMjMxNjkyOTA0MDk4MDE4NzEwIiwiZW1haWwiOiJqdWxpbzMxNTI5QGdtYWlsLmNvbSIsImVtYWlsX3ZlcmlmaWVkIjp0cnVlLCJhdF9oYXNoIjoiYTI5NEZBQ0didjZ2LXFveWJxWEZVZyIsImlhdCI6MTY1NjM2OTcyMiwiZXhwIjoxNjU2MzczMzIyLCJqdGkiOiIzMmM5OTU4YzNkMTU0MzZjMjE3ZWIwYjQzYmFlZGMxZTg1MGNiMTQxIn0.YNslHUJC7LZECBQZT-6NndzUZeXNwK-Mh5rFWy4xCSUKzeGBgQ_omzJ0H-2HT8m6XQFdLVmYCt5jElCDgaRmTYWW0BWW0B2-3nPVEK55opKu1FZhV7OAVCd_3N9pqtrRAY2HLfJj8rLbJaWzit0mk8rzZWa5XLS9y633UTZkHJPJHomC5OCuRiIuypqT0xKVoheslup3iBrk5BVTl_gjp81eNFxfR_yJsRAliI4xceXL3rEY0gDxz4hv5PASdWbFwmC7Wf7jDngE4UrH4Zq5EA0bSKuzkPOIfjf9y9KZ5RvaD7ALoExlVpEVsK_Gr4JqLstz886217k4iahy-XZ65A",
    "token_expiry": "2022-06-27T23:41:58Z"
  },
  "sentinels": {
    "config_sentinel": "/home/julio31529/.config/gcloud/config_sentinel"
  }
}
2022-06-27 22:42:50,051 INFO     ___FILE_ONLY___ 

2022-06-27 22:42:50,051 DEBUG    root            SDK update checks are disabled.
