2022-06-28 01:05:31,362 DEBUG    root            Loaded Command Group: ['gcloud', 'config']
2022-06-28 01:05:31,365 DEBUG    root            Loaded Command Group: ['gcloud', 'config', 'config_helper']
2022-06-28 01:05:31,368 DEBUG    root            Running [gcloud.config.config-helper] with arguments: [--format: "json"]
2022-06-28 01:05:31,385 DEBUG    google.auth.transport.requests Making request: GET http://metadata.google.internal/computeMetadata/v1/instance/service-accounts/julio31529@gmail.com/?recursive=true
2022-06-28 01:05:31,388 DEBUG    urllib3.connectionpool Starting new HTTP connection (1): metadata.google.internal:80
2022-06-28 01:05:31,391 DEBUG    urllib3.connectionpool http://metadata.google.internal:80 "GET /computeMetadata/v1/instance/service-accounts/julio31529@gmail.com/?recursive=true HTTP/1.1" 200 None
2022-06-28 01:05:31,392 DEBUG    google.auth.transport.requests Making request: GET http://metadata.google.internal/computeMetadata/v1/instance/service-accounts/julio31529@gmail.com/token
2022-06-28 01:05:31,394 DEBUG    urllib3.connectionpool Resetting dropped connection: metadata.google.internal
2022-06-28 01:05:31,397 DEBUG    urllib3.connectionpool http://metadata.google.internal:80 "GET /computeMetadata/v1/instance/service-accounts/julio31529@gmail.com/token HTTP/1.1" 200 None
2022-06-28 01:05:31,414 INFO     root            Display format: "default json"
2022-06-28 01:05:31,415 INFO     ___FILE_ONLY___ {
  "configuration": {
    "active_configuration": "default",
    "properties": {
      "accessibility": {
        "screen_reader": "True"
      },
      "component_manager": {
        "disable_update_check": "True"
      },
      "compute": {
        "gce_metadata_read_timeout_sec": "30"
      },
      "core": {
        "account": "julio31529@gmail.com",
        "disable_usage_reporting": "True"
      },
      "metrics": {
        "environment": "cloudcode.vscode",
        "environment_version": "1.18.3"
      }
    }
  },
  "credential": {
    "access_token": "ya29.a0ARrdaM9VZS19LlvtVI6ZBSQ3i9wo8fgMoo_axvDilyHxCquGRLeHq9fU1hh-uCu4BNzK-1DnfGANTD_NPRf5q9-frhz1bpy8ia_HN93tBuE8PDfegoAe8UEMTjYIpdMDuP2U2iOBGpQiK6GaxYfwhDUIS_-6XnJo4OQ4chXXKCvOZpeqTMX5VywopPu8KIc9PIN_4XWpPpYx7JDUeLWetaTN9EG0graT95wGRiNwsHfu7SCeDBn8nhqQ5455hwUH_9OT0Ys",
    "id_token": "eyJhbGciOiJSUzI1NiIsImtpZCI6IjJiMDllNzQ0ZDU4Yzk5NTVkNGYyNDBiNmE5MmY3YjM3ZmVhZDJmZjgiLCJ0eXAiOiJKV1QifQ.eyJpc3MiOiJhY2NvdW50cy5nb29nbGUuY29tIiwiYXpwIjoiNjE4MTA0NzA4MDU0LTlyOXMxYzRhbGczNmVybGl1Y2hvOXQ1Mm4zMm42ZGdxLmFwcHMuZ29vZ2xldXNlcmNvbnRlbnQuY29tIiwiYXVkIjoiNjE4MTA0NzA4MDU0LTlyOXMxYzRhbGczNmVybGl1Y2hvOXQ1Mm4zMm42ZGdxLmFwcHMuZ29vZ2xldXNlcmNvbnRlbnQuY29tIiwic3ViIjoiMTAwMjMxNjkyOTA0MDk4MDE4NzEwIiwiZW1haWwiOiJqdWxpbzMxNTI5QGdtYWlsLmNvbSIsImVtYWlsX3ZlcmlmaWVkIjp0cnVlLCJhdF9oYXNoIjoiWUpBMHhUZTFKVDcwYWUyRnBHZFhzZyIsImlhdCI6MTY1NjM3NjgwMSwiZXhwIjoxNjU2MzgwNDAxLCJqdGkiOiI3OGYyZTg3ZjBmNTRjZWJjMGNjNDU1OTYzNzM5ZjMwZGMxZGY2YzgwIn0.ALq2osIrkMQC1RUQac43vLGznFtIu0dmTkkynpYZ1cDxPBpEknd_XaDcBiWE3VU9IpFQ4dgspMtvH1IaPTH7l2gquNHQOSg1Z0OwfFMr3Or3UHaG5wtXbsHxItrto7AJhv66jH1yoxlrM7KkdF6Qb5W2AwrhUVWBh41ziJdZVBwWL3r7GHlrso6yHwaGncwtJ7LnurZ3TIhjw7dL0GbDwIcVrS82e2Uzlq6CmX0JgyfWFQuF6luiIX5DbUPhPFn1ILTNmwpygw-fsHAWfzjXxSMRFz1E0336criKDlIZumOFLGqPBxUJswpH8Xr-YMqop9tJXiXJd2glmqjEVRa55Q",
    "token_expiry": "2022-06-28T01:39:59Z"
  },
  "sentinels": {
    "config_sentinel": "/home/julio31529/.config/gcloud/config_sentinel"
  }
}
2022-06-28 01:05:31,415 INFO     ___FILE_ONLY___ 

2022-06-28 01:05:31,416 DEBUG    root            SDK update checks are disabled.
