2022-06-28 21:12:22,414 DEBUG    root            Loaded Command Group: ['gcloud', 'config']
2022-06-28 21:12:22,416 DEBUG    root            Loaded Command Group: ['gcloud', 'config', 'config_helper']
2022-06-28 21:12:22,419 DEBUG    root            Running [gcloud.config.config-helper] with arguments: [--format: "json"]
2022-06-28 21:12:22,431 DEBUG    google.auth.transport.requests Making request: GET http://metadata.google.internal/computeMetadata/v1/instance/service-accounts/julio31529@gmail.com/?recursive=true
2022-06-28 21:12:22,433 DEBUG    urllib3.connectionpool Starting new HTTP connection (1): metadata.google.internal:80
2022-06-28 21:12:22,436 DEBUG    urllib3.connectionpool http://metadata.google.internal:80 "GET /computeMetadata/v1/instance/service-accounts/julio31529@gmail.com/?recursive=true HTTP/1.1" 200 None
2022-06-28 21:12:22,438 DEBUG    google.auth.transport.requests Making request: GET http://metadata.google.internal/computeMetadata/v1/instance/service-accounts/julio31529@gmail.com/token
2022-06-28 21:12:22,439 DEBUG    urllib3.connectionpool Resetting dropped connection: metadata.google.internal
2022-06-28 21:12:22,442 DEBUG    urllib3.connectionpool http://metadata.google.internal:80 "GET /computeMetadata/v1/instance/service-accounts/julio31529@gmail.com/token HTTP/1.1" 200 None
2022-06-28 21:12:22,459 INFO     root            Display format: "default json"
2022-06-28 21:12:22,460 INFO     ___FILE_ONLY___ {
  "configuration": {
    "active_configuration": "default",
    "properties": {
      "accessibility": {
        "screen_reader": "True"
      },
      "component_manager": {
        "disable_update_check": "True"
      },
      "compute": {
        "gce_metadata_read_timeout_sec": "30"
      },
      "core": {
        "account": "julio31529@gmail.com",
        "disable_usage_reporting": "True"
      },
      "metrics": {
        "environment": "cloudcode.vscode",
        "environment_version": "1.18.3"
      }
    }
  },
  "credential": {
    "access_token": "ya29.A0ARrdaM87icIq_ibEO3RHyWjWhdOiYwsWROUV92aBfaLkb7gvZq0EVJOGuZ9Fs_-5z-Br50GeKygtWggINZFhd3ZTRgQCFhR6mTJ_w7k8MmkFA_bPGJaB5SJWGf4rVpRSHpcLXYwN4NFs-_iYMD8EWGthhxghY6n9UozQzjn8lmku6a9Ggib2XfrHyy2GOcKmd3RxvxHm1sd1WKJVr5xyeruQb5wJBJf0QRe1XPvhWjPMf-UuIfW0BI4J0BduiYA7O6SRRlIYUNnWUtBVEFTQVRBU0ZRRl91NjFWWHdodFlxbnpFNFdZYTBtUjJIa1RxUQ0270",
    "id_token": "eyJhbGciOiJSUzI1NiIsImtpZCI6IjJiMDllNzQ0ZDU4Yzk5NTVkNGYyNDBiNmE5MmY3YjM3ZmVhZDJmZjgiLCJ0eXAiOiJKV1QifQ.eyJpc3MiOiJhY2NvdW50cy5nb29nbGUuY29tIiwiYXpwIjoiNjE4MTA0NzA4MDU0LTlyOXMxYzRhbGczNmVybGl1Y2hvOXQ1Mm4zMm42ZGdxLmFwcHMuZ29vZ2xldXNlcmNvbnRlbnQuY29tIiwiYXVkIjoiNjE4MTA0NzA4MDU0LTlyOXMxYzRhbGczNmVybGl1Y2hvOXQ1Mm4zMm42ZGdxLmFwcHMuZ29vZ2xldXNlcmNvbnRlbnQuY29tIiwic3ViIjoiMTAwMjMxNjkyOTA0MDk4MDE4NzEwIiwiZW1haWwiOiJqdWxpbzMxNTI5QGdtYWlsLmNvbSIsImVtYWlsX3ZlcmlmaWVkIjp0cnVlLCJhdF9oYXNoIjoibnZqQURRZ1VnOHJMTDZNcjMzeFp4USIsImlhdCI6MTY1NjQ1MDY1MiwiZXhwIjoxNjU2NDU0MjUyLCJqdGkiOiJjYWM4NzM0YzdkYzY2ODJiN2FhMDZjMWJkNGE4MGEzOTI3N2IyNWQwIn0.lim-NKljnUR4P1m3LyMoXHeOf-4OwTIglLws_FpqFvlhksp6PHnfU2w5nF6tkyiuoOG7hyLxdsfzgHmoqILgVSwESSJTy0korRzUSDlgBLT9aLHYkt1of5QnS2Y8t1ufAV9OCUolIN09nNMFKSFeBho4CujIgivDoZLSNF0mC8d5n5QNG6QtFajgCalPk61CUh_TeQGjG57YInhzZznWwOf8PVZOOEUPzkz7M-WjnMJxd3eFXi2Vtq7cYGJZx2ybJa-xyhwgZnB-IBWhNVIEZsE0jJZIV4_ujZRl_PKq6c8jdoWgAlZs4MGR3pXEnBj8V_3Q9MCWiGmPWExtxD08lw",
    "token_expiry": "2022-06-28T22:10:50Z"
  },
  "sentinels": {
    "config_sentinel": "/home/julio31529/.config/gcloud/config_sentinel"
  }
}
2022-06-28 21:12:22,460 INFO     ___FILE_ONLY___ 

2022-06-28 21:12:22,461 DEBUG    root            SDK update checks are disabled.
